#
# There is insufficient memory for the Java Runtime Environment to continue.
# Native memory allocation (mmap) failed to map 65536 bytes for Failed to commit metaspace.
# Possible reasons:
#   The system is out of physical RAM or swap space
#   The process is running with CompressedOops enabled, and the Java Heap may be blocking the growth of the native heap
# Possible solutions:
#   Reduce memory load on the system
#   Increase physical memory or swap space
#   Check if swap backing store is full
#   Decrease Java heap size (-Xmx/-Xms)
#   Decrease number of Java threads
#   Decrease Java thread stack sizes (-Xss)
#   Set larger code cache with -XX:ReservedCodeCacheSize=
#   JVM is running with Unscaled Compressed Oops mode in which the Java heap is
#     placed in the first 4GB address space. The Java Heap base address is the
#     maximum limit for the native heap growth. Please use -XX:HeapBaseMinAddress
#     to set the Java Heap base and to place the Java Heap above 4GB virtual address.
# This output file may be truncated or incomplete.
#
#  Out of Memory Error (virtualSpaceNode.cpp:110), pid=15592, tid=15512
#
# JRE version: OpenJDK Runtime Environment Temurin-17.0.6+10 (17.0.6+10) (build 17.0.6+10)
# Java VM: OpenJDK 64-Bit Server VM Temurin-17.0.6+10 (17.0.6+10, mixed mode, tiered, compressed oops, compressed class ptrs, g1 gc, windows-amd64)
# No core dump will be written. Minidumps are not enabled by default on client versions of Windows
#

---------------  S U M M A R Y ------------

Command Line: -Dfile.encoding=UTF-8 -XX:+ShowCodeDetailsInExceptionMessages aims.Aims

Host: AMD Ryzen 5 5600H with Radeon Graphics         , 12 cores, 5G,  Windows 10 , 64 bit Build 19041 (10.0.19041.2788)
Time: Sun Apr 30 02:48:47 2023 China Standard Time elapsed time: 0.252678 seconds (0d 0h 0m 0s)

---------------  T H R E A D  ---------------

Current thread (0x0000018d56189800):  JavaThread "main" [_thread_in_vm, id=15512, stack(0x0000000891a00000,0x0000000891b00000)]

Stack: [0x0000000891a00000,0x0000000891b00000]
Native frames: (J=compiled Java code, j=interpreted, Vv=VM code, C=native code)
V  [jvm.dll+0x67741a]
V  [jvm.dll+0x834434]
V  [jvm.dll+0x835bde]
V  [jvm.dll+0x836243]
V  [jvm.dll+0x2457b5]
V  [jvm.dll+0x8304cb]
V  [jvm.dll+0x61bca6]
V  [jvm.dll+0x1c05fe]
V  [jvm.dll+0x61e5f1]
V  [jvm.dll+0x61c646]
V  [jvm.dll+0x23b2a0]
V  [jvm.dll+0x1eae0d]
V  [jvm.dll+0x1e0841]
V  [jvm.dll+0x53c6d0]
V  [jvm.dll+0x1f1017]
V  [jvm.dll+0x7aea1b]
V  [jvm.dll+0x7afdc2]
V  [jvm.dll+0x7b00f8]
V  [jvm.dll+0x23dbbe]
V  [jvm.dll+0x37ecce]
C  0x0000018d60d9b5bb

Java frames: (J=compiled Java code, j=interpreted, Vv=VM code)
j  javax.swing.text.SegmentCache.getSegment()Ljavax/swing/text/Segment;+46 java.desktop@17.0.6
j  javax.swing.text.SegmentCache.getSharedSegment()Ljavax/swing/text/Segment;+3 java.desktop@17.0.6
j  javax.swing.text.AbstractDocument.insertUpdate(Ljavax/swing/text/AbstractDocument$DefaultDocumentEvent;Ljavax/swing/text/AttributeSet;)V+53 java.desktop@17.0.6
j  javax.swing.text.PlainDocument.insertUpdate(Ljavax/swing/text/AbstractDocument$DefaultDocumentEvent;Ljavax/swing/text/AttributeSet;)V+406 java.desktop@17.0.6
j  javax.swing.text.AbstractDocument.handleInsertString(ILjava/lang/String;Ljavax/swing/text/AttributeSet;)V+139 java.desktop@17.0.6
j  javax.swing.text.AbstractDocument.insertString(ILjava/lang/String;Ljavax/swing/text/AttributeSet;)V+69 java.desktop@17.0.6
j  javax.swing.text.PlainDocument.insertString(ILjava/lang/String;Ljavax/swing/text/AttributeSet;)V+104 java.desktop@17.0.6
j  javax.swing.text.AbstractDocument.replace(IILjava/lang/String;Ljavax/swing/text/AttributeSet;)V+74 java.desktop@17.0.6
j  javax.swing.text.JTextComponent.setText(Ljava/lang/String;)V+25 java.desktop@17.0.6
j  javax.swing.JTextArea.<init>(Ljavax/swing/text/Document;Ljava/lang/String;II)V+35 java.desktop@17.0.6
j  javax.swing.JTextArea.<init>(Ljava/lang/String;)V+5 java.desktop@17.0.6
j  aims.Aims.main([Ljava/lang/String;)V+648
v  ~StubRoutines::call_stub

---------------  P R O C E S S  ---------------

Threads class SMR info:
_java_thread_list=0x0000018d701c4510, length=15, elements={
0x0000018d56189800, 0x0000018d6f1b1d10, 0x0000018d6f1b3320, 0x0000018d6f214280,
0x0000018d6f216e50, 0x0000018d6f2181a0, 0x0000018d6f21b300, 0x0000018d6fc01560,
0x0000018d6fc026f0, 0x0000018d6fc058d0, 0x0000018d6fd6be70, 0x0000018d6fd8c020,
0x0000018d701d9850, 0x0000018d701740d0, 0x0000018d70177060
}

Java Threads: ( => current thread )
=>0x0000018d56189800 JavaThread "main" [_thread_in_vm, id=15512, stack(0x0000000891a00000,0x0000000891b00000)]
  0x0000018d6f1b1d10 JavaThread "Reference Handler" daemon [_thread_blocked, id=26048, stack(0x0000000892100000,0x0000000892200000)]
  0x0000018d6f1b3320 JavaThread "Finalizer" daemon [_thread_blocked, id=10160, stack(0x0000000892200000,0x0000000892300000)]
  0x0000018d6f214280 JavaThread "Signal Dispatcher" daemon [_thread_blocked, id=26356, stack(0x0000000892300000,0x0000000892400000)]
  0x0000018d6f216e50 JavaThread "Attach Listener" daemon [_thread_blocked, id=21256, stack(0x0000000892400000,0x0000000892500000)]
  0x0000018d6f2181a0 JavaThread "Service Thread" daemon [_thread_blocked, id=25140, stack(0x0000000892500000,0x0000000892600000)]
  0x0000018d6f21b300 JavaThread "Monitor Deflation Thread" daemon [_thread_blocked, id=12148, stack(0x0000000892600000,0x0000000892700000)]
  0x0000018d6fc01560 JavaThread "C2 CompilerThread0" daemon [_thread_blocked, id=20900, stack(0x0000000892700000,0x0000000892800000)]
  0x0000018d6fc026f0 JavaThread "C1 CompilerThread0" daemon [_thread_blocked, id=5636, stack(0x0000000892800000,0x0000000892900000)]
  0x0000018d6fc058d0 JavaThread "Sweeper thread" daemon [_thread_blocked, id=23536, stack(0x0000000892900000,0x0000000892a00000)]
  0x0000018d6fd6be70 JavaThread "Notification Thread" daemon [_thread_blocked, id=17488, stack(0x0000000892a00000,0x0000000892b00000)]
  0x0000018d6fd8c020 JavaThread "Common-Cleaner" daemon [_thread_blocked, id=24304, stack(0x0000000892c00000,0x0000000892d00000)]
  0x0000018d701d9850 JavaThread "Java2D Disposer" daemon [_thread_blocked, id=7944, stack(0x0000000892d00000,0x0000000892e00000)]
  0x0000018d701740d0 JavaThread "AWT-Shutdown" [_thread_blocked, id=20812, stack(0x0000000892e00000,0x0000000892f00000)]
  0x0000018d70177060 JavaThread "AWT-Windows" daemon [_thread_in_native, id=20420, stack(0x0000000892f00000,0x0000000893000000)]

Other Threads:
  0x0000018d6f16e450 VMThread "VM Thread" [stack: 0x0000000892000000,0x0000000892100000] [id=2408]
  0x0000018d561ec1c0 WatcherThread [stack: 0x0000000892b00000,0x0000000892c00000] [id=23792]
  0x0000018d561d6cb0 GCTaskThread "GC Thread#0" [stack: 0x0000000891b00000,0x0000000891c00000] [id=20816]
  0x0000018d561e3f10 ConcurrentGCThread "G1 Main Marker" [stack: 0x0000000891c00000,0x0000000891d00000] [id=3064]
  0x0000018d561e4920 ConcurrentGCThread "G1 Conc#0" [stack: 0x0000000891d00000,0x0000000891e00000] [id=24676]
  0x0000018d6f030090 ConcurrentGCThread "G1 Refine#0" [stack: 0x0000000891e00000,0x0000000891f00000] [id=16100]
  0x0000018d6f0308c0 ConcurrentGCThread "G1 Service" [stack: 0x0000000891f00000,0x0000000892000000] [id=9356]

Threads with active compile tasks:

VM state: not at safepoint (normal execution)

VM Mutex/Monitor currently owned by a thread:  ([mutex/lock_event])
[0x0000018d56182910] Metaspace_lock - owner thread: 0x0000018d56189800

Heap address: 0x00000000a2400000, size: 1500 MB, Compressed Oops mode: 32-bit

CDS archive(s) not mapped
Compressed class space mapped at: 0x0000000100000000-0x0000000140000000, reserved size: 1073741824
Narrow klass base: 0x0000000000000000, Narrow klass shift: 3, Narrow klass range: 0x140000000

GC Precious Log:
 CPUs: 12 total, 12 available
 Memory: 5996M
 Large Page Support: Disabled
 NUMA Support: Disabled
 Compressed Oops: Enabled (32-bit)
 Heap Region Size: 1M
 Heap Min Capacity: 8M
 Heap Initial Capacity: 94M
 Heap Max Capacity: 1500M
 Pre-touch: Disabled
 Parallel Workers: 10
 Concurrent Workers: 3
 Concurrent Refinement Workers: 10
 Periodic GC: Disabled

Heap:
 garbage-first heap   total 96256K, used 4096K [0x00000000a2400000, 0x0000000100000000)
  region size 1024K, 5 young (5120K), 0 survivors (0K)
 Metaspace       used 11086K, committed 11200K, reserved 1064960K
  class space    used 1097K, committed 1152K, reserved 1048576K

Heap Regions: E=young(eden), S=young(survivor), O=old, HS=humongous(starts), HC=humongous(continues), CS=collection set, F=free, OA=open archive, CA=closed archive, TAMS=top-at-mark-start (previous, next)
|   0|0x00000000a2400000, 0x00000000a2400000, 0x00000000a2500000|  0%| F|  |TAMS 0x00000000a2400000, 0x00000000a2400000| Untracked 
|   1|0x00000000a2500000, 0x00000000a2500000, 0x00000000a2600000|  0%| F|  |TAMS 0x00000000a2500000, 0x00000000a2500000| Untracked 
|   2|0x00000000a2600000, 0x00000000a2600000, 0x00000000a2700000|  0%| F|  |TAMS 0x00000000a2600000, 0x00000000a2600000| Untracked 
|   3|0x00000000a2700000, 0x00000000a2700000, 0x00000000a2800000|  0%| F|  |TAMS 0x00000000a2700000, 0x00000000a2700000| Untracked 
|   4|0x00000000a2800000, 0x00000000a2800000, 0x00000000a2900000|  0%| F|  |TAMS 0x00000000a2800000, 0x00000000a2800000| Untracked 
|   5|0x00000000a2900000, 0x00000000a2900000, 0x00000000a2a00000|  0%| F|  |TAMS 0x00000000a2900000, 0x00000000a2900000| Untracked 
|   6|0x00000000a2a00000, 0x00000000a2a00000, 0x00000000a2b00000|  0%| F|  |TAMS 0x00000000a2a00000, 0x00000000a2a00000| Untracked 
|   7|0x00000000a2b00000, 0x00000000a2b00000, 0x00000000a2c00000|  0%| F|  |TAMS 0x00000000a2b00000, 0x00000000a2b00000| Untracked 
|   8|0x00000000a2c00000, 0x00000000a2c00000, 0x00000000a2d00000|  0%| F|  |TAMS 0x00000000a2c00000, 0x00000000a2c00000| Untracked 
|   9|0x00000000a2d00000, 0x00000000a2d00000, 0x00000000a2e00000|  0%| F|  |TAMS 0x00000000a2d00000, 0x00000000a2d00000| Untracked 
|  10|0x00000000a2e00000, 0x00000000a2e00000, 0x00000000a2f00000|  0%| F|  |TAMS 0x00000000a2e00000, 0x00000000a2e00000| Untracked 
|  11|0x00000000a2f00000, 0x00000000a2f00000, 0x00000000a3000000|  0%| F|  |TAMS 0x00000000a2f00000, 0x00000000a2f00000| Untracked 
|  12|0x00000000a3000000, 0x00000000a3000000, 0x00000000a3100000|  0%| F|  |TAMS 0x00000000a3000000, 0x00000000a3000000| Untracked 
|  13|0x00000000a3100000, 0x00000000a3100000, 0x00000000a3200000|  0%| F|  |TAMS 0x00000000a3100000, 0x00000000a3100000| Untracked 
|  14|0x00000000a3200000, 0x00000000a3200000, 0x00000000a3300000|  0%| F|  |TAMS 0x00000000a3200000, 0x00000000a3200000| Untracked 
|  15|0x00000000a3300000, 0x00000000a3300000, 0x00000000a3400000|  0%| F|  |TAMS 0x00000000a3300000, 0x00000000a3300000| Untracked 
|  16|0x00000000a3400000, 0x00000000a3400000, 0x00000000a3500000|  0%| F|  |TAMS 0x00000000a3400000, 0x00000000a3400000| Untracked 
|  17|0x00000000a3500000, 0x00000000a3500000, 0x00000000a3600000|  0%| F|  |TAMS 0x00000000a3500000, 0x00000000a3500000| Untracked 
|  18|0x00000000a3600000, 0x00000000a3600000, 0x00000000a3700000|  0%| F|  |TAMS 0x00000000a3600000, 0x00000000a3600000| Untracked 
|  19|0x00000000a3700000, 0x00000000a3700000, 0x00000000a3800000|  0%| F|  |TAMS 0x00000000a3700000, 0x00000000a3700000| Untracked 
|  20|0x00000000a3800000, 0x00000000a3800000, 0x00000000a3900000|  0%| F|  |TAMS 0x00000000a3800000, 0x00000000a3800000| Untracked 
|  21|0x00000000a3900000, 0x00000000a3900000, 0x00000000a3a00000|  0%| F|  |TAMS 0x00000000a3900000, 0x00000000a3900000| Untracked 
|  22|0x00000000a3a00000, 0x00000000a3a00000, 0x00000000a3b00000|  0%| F|  |TAMS 0x00000000a3a00000, 0x00000000a3a00000| Untracked 
|  23|0x00000000a3b00000, 0x00000000a3b00000, 0x00000000a3c00000|  0%| F|  |TAMS 0x00000000a3b00000, 0x00000000a3b00000| Untracked 
|  24|0x00000000a3c00000, 0x00000000a3c00000, 0x00000000a3d00000|  0%| F|  |TAMS 0x00000000a3c00000, 0x00000000a3c00000| Untracked 
|  25|0x00000000a3d00000, 0x00000000a3d00000, 0x00000000a3e00000|  0%| F|  |TAMS 0x00000000a3d00000, 0x00000000a3d00000| Untracked 
|  26|0x00000000a3e00000, 0x00000000a3e00000, 0x00000000a3f00000|  0%| F|  |TAMS 0x00000000a3e00000, 0x00000000a3e00000| Untracked 
|  27|0x00000000a3f00000, 0x00000000a3f00000, 0x00000000a4000000|  0%| F|  |TAMS 0x00000000a3f00000, 0x00000000a3f00000| Untracked 
|  28|0x00000000a4000000, 0x00000000a4000000, 0x00000000a4100000|  0%| F|  |TAMS 0x00000000a4000000, 0x00000000a4000000| Untracked 
|  29|0x00000000a4100000, 0x00000000a4100000, 0x00000000a4200000|  0%| F|  |TAMS 0x00000000a4100000, 0x00000000a4100000| Untracked 
|  30|0x00000000a4200000, 0x00000000a4200000, 0x00000000a4300000|  0%| F|  |TAMS 0x00000000a4200000, 0x00000000a4200000| Untracked 
|  31|0x00000000a4300000, 0x00000000a4300000, 0x00000000a4400000|  0%| F|  |TAMS 0x00000000a4300000, 0x00000000a4300000| Untracked 
|  32|0x00000000a4400000, 0x00000000a4400000, 0x00000000a4500000|  0%| F|  |TAMS 0x00000000a4400000, 0x00000000a4400000| Untracked 
|  33|0x00000000a4500000, 0x00000000a4500000, 0x00000000a4600000|  0%| F|  |TAMS 0x00000000a4500000, 0x00000000a4500000| Untracked 
|  34|0x00000000a4600000, 0x00000000a4600000, 0x00000000a4700000|  0%| F|  |TAMS 0x00000000a4600000, 0x00000000a4600000| Untracked 
|  35|0x00000000a4700000, 0x00000000a4700000, 0x00000000a4800000|  0%| F|  |TAMS 0x00000000a4700000, 0x00000000a4700000| Untracked 
|  36|0x00000000a4800000, 0x00000000a4800000, 0x00000000a4900000|  0%| F|  |TAMS 0x00000000a4800000, 0x00000000a4800000| Untracked 
|  37|0x00000000a4900000, 0x00000000a4900000, 0x00000000a4a00000|  0%| F|  |TAMS 0x00000000a4900000, 0x00000000a4900000| Untracked 
|  38|0x00000000a4a00000, 0x00000000a4a00000, 0x00000000a4b00000|  0%| F|  |TAMS 0x00000000a4a00000, 0x00000000a4a00000| Untracked 
|  39|0x00000000a4b00000, 0x00000000a4b00000, 0x00000000a4c00000|  0%| F|  |TAMS 0x00000000a4b00000, 0x00000000a4b00000| Untracked 
|  40|0x00000000a4c00000, 0x00000000a4c00000, 0x00000000a4d00000|  0%| F|  |TAMS 0x00000000a4c00000, 0x00000000a4c00000| Untracked 
|  41|0x00000000a4d00000, 0x00000000a4d00000, 0x00000000a4e00000|  0%| F|  |TAMS 0x00000000a4d00000, 0x00000000a4d00000| Untracked 
|  42|0x00000000a4e00000, 0x00000000a4e00000, 0x00000000a4f00000|  0%| F|  |TAMS 0x00000000a4e00000, 0x00000000a4e00000| Untracked 
|  43|0x00000000a4f00000, 0x00000000a4f00000, 0x00000000a5000000|  0%| F|  |TAMS 0x00000000a4f00000, 0x00000000a4f00000| Untracked 
|  44|0x00000000a5000000, 0x00000000a5000000, 0x00000000a5100000|  0%| F|  |TAMS 0x00000000a5000000, 0x00000000a5000000| Untracked 
|  45|0x00000000a5100000, 0x00000000a5100000, 0x00000000a5200000|  0%| F|  |TAMS 0x00000000a5100000, 0x00000000a5100000| Untracked 
|  46|0x00000000a5200000, 0x00000000a5200000, 0x00000000a5300000|  0%| F|  |TAMS 0x00000000a5200000, 0x00000000a5200000| Untracked 
|  47|0x00000000a5300000, 0x00000000a5300000, 0x00000000a5400000|  0%| F|  |TAMS 0x00000000a5300000, 0x00000000a5300000| Untracked 
|  48|0x00000000a5400000, 0x00000000a5400000, 0x00000000a5500000|  0%| F|  |TAMS 0x00000000a5400000, 0x00000000a5400000| Untracked 
|  49|0x00000000a5500000, 0x00000000a5500000, 0x00000000a5600000|  0%| F|  |TAMS 0x00000000a5500000, 0x00000000a5500000| Untracked 
|  50|0x00000000a5600000, 0x00000000a5600000, 0x00000000a5700000|  0%| F|  |TAMS 0x00000000a5600000, 0x00000000a5600000| Untracked 
|  51|0x00000000a5700000, 0x00000000a5700000, 0x00000000a5800000|  0%| F|  |TAMS 0x00000000a5700000, 0x00000000a5700000| Untracked 
|  52|0x00000000a5800000, 0x00000000a5800000, 0x00000000a5900000|  0%| F|  |TAMS 0x00000000a5800000, 0x00000000a5800000| Untracked 
|  53|0x00000000a5900000, 0x00000000a5900000, 0x00000000a5a00000|  0%| F|  |TAMS 0x00000000a5900000, 0x00000000a5900000| Untracked 
|  54|0x00000000a5a00000, 0x00000000a5a00000, 0x00000000a5b00000|  0%| F|  |TAMS 0x00000000a5a00000, 0x00000000a5a00000| Untracked 
|  55|0x00000000a5b00000, 0x00000000a5b00000, 0x00000000a5c00000|  0%| F|  |TAMS 0x00000000a5b00000, 0x00000000a5b00000| Untracked 
|  56|0x00000000a5c00000, 0x00000000a5c00000, 0x00000000a5d00000|  0%| F|  |TAMS 0x00000000a5c00000, 0x00000000a5c00000| Untracked 
|  57|0x00000000a5d00000, 0x00000000a5d00000, 0x00000000a5e00000|  0%| F|  |TAMS 0x00000000a5d00000, 0x00000000a5d00000| Untracked 
|  58|0x00000000a5e00000, 0x00000000a5e00000, 0x00000000a5f00000|  0%| F|  |TAMS 0x00000000a5e00000, 0x00000000a5e00000| Untracked 
|  59|0x00000000a5f00000, 0x00000000a5f00000, 0x00000000a6000000|  0%| F|  |TAMS 0x00000000a5f00000, 0x00000000a5f00000| Untracked 
|  60|0x00000000a6000000, 0x00000000a6000000, 0x00000000a6100000|  0%| F|  |TAMS 0x00000000a6000000, 0x00000000a6000000| Untracked 
|  61|0x00000000a6100000, 0x00000000a6100000, 0x00000000a6200000|  0%| F|  |TAMS 0x00000000a6100000, 0x00000000a6100000| Untracked 
|  62|0x00000000a6200000, 0x00000000a6200000, 0x00000000a6300000|  0%| F|  |TAMS 0x00000000a6200000, 0x00000000a6200000| Untracked 
|  63|0x00000000a6300000, 0x00000000a6300000, 0x00000000a6400000|  0%| F|  |TAMS 0x00000000a6300000, 0x00000000a6300000| Untracked 
|  64|0x00000000a6400000, 0x00000000a6400000, 0x00000000a6500000|  0%| F|  |TAMS 0x00000000a6400000, 0x00000000a6400000| Untracked 
|  65|0x00000000a6500000, 0x00000000a6500000, 0x00000000a6600000|  0%| F|  |TAMS 0x00000000a6500000, 0x00000000a6500000| Untracked 
|  66|0x00000000a6600000, 0x00000000a6600000, 0x00000000a6700000|  0%| F|  |TAMS 0x00000000a6600000, 0x00000000a6600000| Untracked 
|  67|0x00000000a6700000, 0x00000000a6700000, 0x00000000a6800000|  0%| F|  |TAMS 0x00000000a6700000, 0x00000000a6700000| Untracked 
|  68|0x00000000a6800000, 0x00000000a6800000, 0x00000000a6900000|  0%| F|  |TAMS 0x00000000a6800000, 0x00000000a6800000| Untracked 
|  69|0x00000000a6900000, 0x00000000a6900000, 0x00000000a6a00000|  0%| F|  |TAMS 0x00000000a6900000, 0x00000000a6900000| Untracked 
|  70|0x00000000a6a00000, 0x00000000a6a00000, 0x00000000a6b00000|  0%| F|  |TAMS 0x00000000a6a00000, 0x00000000a6a00000| Untracked 
|  71|0x00000000a6b00000, 0x00000000a6b00000, 0x00000000a6c00000|  0%| F|  |TAMS 0x00000000a6b00000, 0x00000000a6b00000| Untracked 
|  72|0x00000000a6c00000, 0x00000000a6c00000, 0x00000000a6d00000|  0%| F|  |TAMS 0x00000000a6c00000, 0x00000000a6c00000| Untracked 
|  73|0x00000000a6d00000, 0x00000000a6d00000, 0x00000000a6e00000|  0%| F|  |TAMS 0x00000000a6d00000, 0x00000000a6d00000| Untracked 
|  74|0x00000000a6e00000, 0x00000000a6e00000, 0x00000000a6f00000|  0%| F|  |TAMS 0x00000000a6e00000, 0x00000000a6e00000| Untracked 
|  75|0x00000000a6f00000, 0x00000000a6f00000, 0x00000000a7000000|  0%| F|  |TAMS 0x00000000a6f00000, 0x00000000a6f00000| Untracked 
|  76|0x00000000a7000000, 0x00000000a7000000, 0x00000000a7100000|  0%| F|  |TAMS 0x00000000a7000000, 0x00000000a7000000| Untracked 
|  77|0x00000000a7100000, 0x00000000a7100000, 0x00000000a7200000|  0%| F|  |TAMS 0x00000000a7100000, 0x00000000a7100000| Untracked 
|  78|0x00000000a7200000, 0x00000000a7200000, 0x00000000a7300000|  0%| F|  |TAMS 0x00000000a7200000, 0x00000000a7200000| Untracked 
|  79|0x00000000a7300000, 0x00000000a7300000, 0x00000000a7400000|  0%| F|  |TAMS 0x00000000a7300000, 0x00000000a7300000| Untracked 
|  80|0x00000000a7400000, 0x00000000a7400000, 0x00000000a7500000|  0%| F|  |TAMS 0x00000000a7400000, 0x00000000a7400000| Untracked 
|  81|0x00000000a7500000, 0x00000000a7500000, 0x00000000a7600000|  0%| F|  |TAMS 0x00000000a7500000, 0x00000000a7500000| Untracked 
|  82|0x00000000a7600000, 0x00000000a7600000, 0x00000000a7700000|  0%| F|  |TAMS 0x00000000a7600000, 0x00000000a7600000| Untracked 
|  83|0x00000000a7700000, 0x00000000a7700000, 0x00000000a7800000|  0%| F|  |TAMS 0x00000000a7700000, 0x00000000a7700000| Untracked 
|  84|0x00000000a7800000, 0x00000000a7800000, 0x00000000a7900000|  0%| F|  |TAMS 0x00000000a7800000, 0x00000000a7800000| Untracked 
|  85|0x00000000a7900000, 0x00000000a7900000, 0x00000000a7a00000|  0%| F|  |TAMS 0x00000000a7900000, 0x00000000a7900000| Untracked 
|  86|0x00000000a7a00000, 0x00000000a7a00000, 0x00000000a7b00000|  0%| F|  |TAMS 0x00000000a7a00000, 0x00000000a7a00000| Untracked 
|  87|0x00000000a7b00000, 0x00000000a7b00000, 0x00000000a7c00000|  0%| F|  |TAMS 0x00000000a7b00000, 0x00000000a7b00000| Untracked 
|  88|0x00000000a7c00000, 0x00000000a7c00000, 0x00000000a7d00000|  0%| F|  |TAMS 0x00000000a7c00000, 0x00000000a7c00000| Untracked 
|  89|0x00000000a7d00000, 0x00000000a7d76440, 0x00000000a7e00000| 46%| E|  |TAMS 0x00000000a7d00000, 0x00000000a7d00000| Complete 
|  90|0x00000000a7e00000, 0x00000000a7f00000, 0x00000000a7f00000|100%| E|CS|TAMS 0x00000000a7e00000, 0x00000000a7e00000| Complete 
|  91|0x00000000a7f00000, 0x00000000a8000000, 0x00000000a8000000|100%| E|CS|TAMS 0x00000000a7f00000, 0x00000000a7f00000| Complete 
|  92|0x00000000a8000000, 0x00000000a8100000, 0x00000000a8100000|100%| E|CS|TAMS 0x00000000a8000000, 0x00000000a8000000| Complete 
|  93|0x00000000a8100000, 0x00000000a8200000, 0x00000000a8200000|100%| E|CS|TAMS 0x00000000a8100000, 0x00000000a8100000| Complete 

Card table byte_map: [0x0000018d690a0000,0x0000018d69390000] _byte_map_base: 0x0000018d68b8e000

Marking Bits (Prev, Next): (CMBitMap*) 0x0000018d561d72c0, (CMBitMap*) 0x0000018d561d7300
 Prev Bits: [0x0000018d69680000, 0x0000018d6adf0000)
 Next Bits: [0x0000018d6adf0000, 0x0000018d6c560000)

Polling page: 0x0000018d53f60000

Metaspace:

Usage:
  Non-class:      9.75 MB used.
      Class:      1.07 MB used.
       Both:     10.83 MB used.

Virtual space:
  Non-class space:       16.00 MB reserved,       9.81 MB ( 61%) committed,  2 nodes.
      Class space:        1.00 GB reserved,       1.12 MB ( <1%) committed,  1 nodes.
             Both:        1.02 GB reserved,      10.94 MB (  1%) committed. 

Chunk freelists:
   Non-Class:  2.10 MB
       Class:  2.75 MB
        Both:  4.85 MB

MaxMetaspaceSize: unlimited
CompressedClassSpaceSize: 1.00 GB
Initial GC threshold: 21.00 MB
Current GC threshold: 21.00 MB
CDS: off
MetaspaceReclaimPolicy: balanced
 - commit_granule_bytes: 65536.
 - commit_granule_words: 8192.
 - virtual_space_node_default_size: 1048576.
 - enlarge_chunks_in_place: 1.
 - new_chunks_are_fully_committed: 0.
 - uncommit_free_chunks: 1.
 - use_allocation_guard: 0.
 - handle_deallocations: 1.


Internal statistics:

num_allocs_failed_limit: 0.
num_arena_births: 88.
num_arena_deaths: 0.
num_vsnodes_births: 3.
num_vsnodes_deaths: 0.
num_space_committed: 175.
num_space_uncommitted: 0.
num_chunks_returned_to_freelist: 0.
num_chunks_taken_from_freelist: 147.
num_chunk_merges: 0.
num_chunk_splits: 72.
num_chunks_enlarged: 22.
num_purges: 0.
num_inconsistent_stats: 0.

CodeHeap 'non-profiled nmethods': size=120000Kb used=129Kb max_used=129Kb free=119870Kb
 bounds [0x0000018d61320000, 0x0000018d61590000, 0x0000018d68850000]
CodeHeap 'profiled nmethods': size=120000Kb used=670Kb max_used=670Kb free=119330Kb
 bounds [0x0000018d59850000, 0x0000018d59ac0000, 0x0000018d60d80000]
CodeHeap 'non-nmethods': size=5760Kb used=1201Kb max_used=1203Kb free=4558Kb
 bounds [0x0000018d60d80000, 0x0000018d60ff0000, 0x0000018d61320000]
 total_blobs=979 nmethods=471 adapters=421
 compilation: enabled
              stopped_count=0, restarted_count=0
 full_count=0

Compilation events (20 events):
Event: 0.248 Thread 0x0000018d6fc026f0  462       3       java.lang.String::getBytes (44 bytes)
Event: 0.249 Thread 0x0000018d6fc026f0 nmethod 462 0x0000018d598f4b90 code [0x0000018d598f4d60, 0x0000018d598f5058]
Event: 0.249 Thread 0x0000018d6fc026f0  464       3       java.util.HashMap::putVal (300 bytes)
Event: 0.249 Thread 0x0000018d6fc01560  466       4       java.lang.Object::<init> (1 bytes)
Event: 0.249 Thread 0x0000018d6fc01560 nmethod 466 0x0000018d6133f810 code [0x0000018d6133f980, 0x0000018d6133fa38]
Event: 0.249 Thread 0x0000018d6fc026f0 nmethod 464 0x0000018d598f5190 code [0x0000018d598f5440, 0x0000018d598f6618]
Event: 0.249 Thread 0x0000018d6fc026f0  468       3       java.lang.StringConcatHelper::newArray (40 bytes)
Event: 0.249 Thread 0x0000018d6fc026f0 nmethod 468 0x0000018d598f6b10 code [0x0000018d598f6ce0, 0x0000018d598f7018]
Event: 0.249 Thread 0x0000018d6fc026f0  469       3       java.awt.AWTKeyStroke::hashCode (36 bytes)
Event: 0.249 Thread 0x0000018d6fc026f0 nmethod 469 0x0000018d598f7110 code [0x0000018d598f72a0, 0x0000018d598f7418]
Event: 0.249 Thread 0x0000018d6fc026f0  463       3       java.lang.reflect.Modifier::isFinal (13 bytes)
Event: 0.249 Thread 0x0000018d6fc026f0 nmethod 463 0x0000018d598f7490 code [0x0000018d598f7620, 0x0000018d598f7778]
Event: 0.249 Thread 0x0000018d6fc026f0  467       1       java.lang.reflect.Field::getModifiers (5 bytes)
Event: 0.249 Thread 0x0000018d6fc026f0 nmethod 467 0x0000018d6133fb10 code [0x0000018d6133fca0, 0x0000018d6133fd78]
Event: 0.249 Thread 0x0000018d6fc026f0  465       1       java.lang.Integer::intValue (5 bytes)
Event: 0.249 Thread 0x0000018d6fc026f0 nmethod 465 0x0000018d6133fe10 code [0x0000018d6133ffa0, 0x0000018d61340078]
Event: 0.250 Thread 0x0000018d6fc026f0  470       1       javax.swing.text.GapVector::getGapEnd (5 bytes)
Event: 0.250 Thread 0x0000018d6fc026f0 nmethod 470 0x0000018d61340110 code [0x0000018d613402a0, 0x0000018d61340378]
Event: 0.250 Thread 0x0000018d6fc026f0  471       1       javax.swing.text.GapVector::getGapStart (5 bytes)
Event: 0.250 Thread 0x0000018d6fc026f0 nmethod 471 0x0000018d61340410 code [0x0000018d613405a0, 0x0000018d61340678]

GC Heap History (0 events):
No events

Dll operation events (3 events):
Event: 0.006 Loaded shared library C:\Users\Legion\.p2\pool\plugins\org.eclipse.justj.openjdk.hotspot.jre.full.win32.x86_64_17.0.6.v20230204-1729\jre\bin\java.dll
Event: 0.102 Loaded shared library C:\Users\Legion\.p2\pool\plugins\org.eclipse.justj.openjdk.hotspot.jre.full.win32.x86_64_17.0.6.v20230204-1729\jre\bin\jimage.dll
Event: 0.115 Loaded shared library C:\Users\Legion\.p2\pool\plugins\org.eclipse.justj.openjdk.hotspot.jre.full.win32.x86_64_17.0.6.v20230204-1729\jre\bin\awt.dll

Deoptimization events (0 events):
No events

Classes unloaded (0 events):
No events

Classes redefined (0 events):
No events

Internal exceptions (10 events):
Event: 0.109 Thread 0x0000018d56189800 Exception <a 'java/lang/ClassNotFoundException'{0x00000000a806e4b8}: sun/awt/resources/spi/awtProvider> (0x00000000a806e4b8) 
thrown [s\src\hotspot\share\classfile\systemDictionary.cpp, line 256]
Event: 0.123 Thread 0x0000018d56189800 Exception <a 'java/io/FileNotFoundException'{0x00000000a80c3a50}> (0x00000000a80c3a50) 
thrown [s\src\hotspot\share\prims\jni.cpp, line 516]
Event: 0.127 Thread 0x0000018d56189800 Exception <a 'java/io/FileNotFoundException'{0x00000000a80f0c10}> (0x00000000a80f0c10) 
thrown [s\src\hotspot\share\prims\jni.cpp, line 516]
Event: 0.154 Thread 0x0000018d56189800 Exception <a 'java/lang/NoSuchMethodError'{0x00000000a7f2cd48}: 'java.lang.Object java.lang.invoke.DirectMethodHandle$Holder.invokeStaticInit(java.lang.Object)'> (0x00000000a7f2cd48) 
thrown [s\src\hotspot\share\interpreter\linkResolver.cpp, line 759]
Event: 0.205 Thread 0x0000018d56189800 Exception <a 'java/lang/NoSuchMethodError'{0x00000000a7fec680}: 'void java.lang.invoke.DirectMethodHandle$Holder.invokeSpecial(java.lang.Object, java.lang.Object, java.lang.Object)'> (0x00000000a7fec680) 
thrown [s\src\hotspot\share\interpreter\linkResolver.cpp, line 759]
Event: 0.211 Thread 0x0000018d56189800 Exception <a 'java/lang/NoSuchMethodError'{0x00000000a7e169c0}: 'java.lang.Object java.lang.invoke.DirectMethodHandle$Holder.newInvokeSpecial(java.lang.Object, java.lang.Object, java.lang.Object, java.lang.Object, java.lang.Object)'> (0x00000000a7e169c0) 
thrown [s\src\hotspot\share\interpreter\linkResolver.cpp, line 759]
Event: 0.212 Thread 0x0000018d56189800 Exception <a 'java/lang/NoSuchMethodError'{0x00000000a7e22388}: 'java.lang.Object java.lang.invoke.DirectMethodHandle$Holder.invokeStatic(java.lang.Object, int, java.lang.Object, java.lang.Object, java.lang.Object, java.lang.Object)'> (0x00000000a7e22388) 
thrown [s\src\hotspot\share\interpreter\linkResolver.cpp, line 759]
Event: 0.214 Thread 0x0000018d56189800 Exception <a 'java/lang/NoSuchMethodError'{0x00000000a7e47b48}: 'java.lang.Object java.lang.invoke.DirectMethodHandle$Holder.invokeStatic(java.lang.Object, int, java.lang.Object)'> (0x00000000a7e47b48) 
thrown [s\src\hotspot\share\interpreter\linkResolver.cpp, line 759]
Event: 0.228 Thread 0x0000018d56189800 Exception <a 'java/lang/ClassNotFoundException'{0x00000000a7efef48}: com/sun/swing/internal/plaf/metal/resources/spi/metalProvider> (0x00000000a7efef48) 
thrown [s\src\hotspot\share\classfile\systemDictionary.cpp, line 256]
Event: 0.229 Thread 0x0000018d56189800 Exception <a 'java/lang/ClassNotFoundException'{0x00000000a7d02fb0}: com/sun/swing/internal/plaf/basic/resources/spi/basicProvider> (0x00000000a7d02fb0) 
thrown [s\src\hotspot\share\classfile\systemDictionary.cpp, line 256]

VM Operations (6 events):
Event: 0.228 Executing VM operation: HandshakeAllThreads
Event: 0.228 Executing VM operation: HandshakeAllThreads done
Event: 0.246 Executing VM operation: HandshakeAllThreads
Event: 0.246 Executing VM operation: HandshakeAllThreads done
Event: 0.248 Executing VM operation: HandshakeAllThreads
Event: 0.248 Executing VM operation: HandshakeAllThreads done

Events (20 events):
Event: 0.250 loading class javax/swing/event/DocumentEvent
Event: 0.250 loading class javax/swing/event/DocumentEvent done
Event: 0.250 loading class javax/swing/undo/CompoundEdit
Event: 0.250 loading class javax/swing/undo/CompoundEdit done
Event: 0.250 loading class javax/swing/text/AbstractDocument$DefaultDocumentEvent done
Event: 0.250 loading class javax/swing/event/DocumentEvent$EventType
Event: 0.250 loading class javax/swing/event/DocumentEvent$EventType done
Event: 0.250 loading class javax/swing/text/Segment
Event: 0.250 loading class java/text/CharacterIterator
Event: 0.250 loading class java/text/CharacterIterator done
Event: 0.250 loading class javax/swing/text/Segment done
Event: 0.250 loading class javax/swing/text/AbstractDocument$ElementEdit
Event: 0.250 loading class javax/swing/event/DocumentEvent$ElementChange
Event: 0.250 loading class javax/swing/event/DocumentEvent$ElementChange done
Event: 0.250 loading class javax/swing/text/AbstractDocument$ElementEdit done
Event: 0.250 loading class javax/swing/text/Utilities
Event: 0.251 loading class javax/swing/text/Utilities done
Event: 0.251 loading class javax/swing/text/SegmentCache
Event: 0.251 loading class javax/swing/text/SegmentCache done
Event: 0.251 loading class javax/swing/text/SegmentCache$CachedSegment


Dynamic libraries:
0x00007ff6c7930000 - 0x00007ff6c793e000 	C:\Users\Legion\.p2\pool\plugins\org.eclipse.justj.openjdk.hotspot.jre.full.win32.x86_64_17.0.6.v20230204-1729\jre\bin\javaw.exe
0x00007fff966f0000 - 0x00007fff968e8000 	C:\Windows\SYSTEM32\ntdll.dll
0x00007fff95220000 - 0x00007fff952df000 	C:\Windows\System32\KERNEL32.DLL
0x00007fff93e50000 - 0x00007fff9412a000 	C:\Windows\System32\KERNELBASE.dll
0x00007fff943a0000 - 0x00007fff944a0000 	C:\Windows\System32\ucrtbase.dll
0x00007fff808c0000 - 0x00007fff808d7000 	C:\Users\Legion\.p2\pool\plugins\org.eclipse.justj.openjdk.hotspot.jre.full.win32.x86_64_17.0.6.v20230204-1729\jre\bin\jli.dll
0x00007fff80ea0000 - 0x00007fff80eb9000 	C:\Users\Legion\.p2\pool\plugins\org.eclipse.justj.openjdk.hotspot.jre.full.win32.x86_64_17.0.6.v20230204-1729\jre\bin\VCRUNTIME140.dll
0x00007fff94b20000 - 0x00007fff94cbd000 	C:\Windows\System32\USER32.dll
0x00007fff941c0000 - 0x00007fff941e2000 	C:\Windows\System32\win32u.dll
0x00007fff80c00000 - 0x00007fff80e9a000 	C:\Windows\WinSxS\amd64_microsoft.windows.common-controls_6595b64144ccf1df_6.0.19041.1110_none_60b5254171f9507e\COMCTL32.dll
0x00007fff95140000 - 0x00007fff9516b000 	C:\Windows\System32\GDI32.dll
0x00007fff94750000 - 0x00007fff947ee000 	C:\Windows\System32\msvcrt.dll
0x00007fff941f0000 - 0x00007fff94300000 	C:\Windows\System32\gdi32full.dll
0x00007fff94300000 - 0x00007fff9439d000 	C:\Windows\System32\msvcp_win.dll
0x00007fff94da0000 - 0x00007fff94dd0000 	C:\Windows\System32\IMM32.DLL
0x00007fff84ba0000 - 0x00007fff84bac000 	C:\Users\Legion\.p2\pool\plugins\org.eclipse.justj.openjdk.hotspot.jre.full.win32.x86_64_17.0.6.v20230204-1729\jre\bin\vcruntime140_1.dll
0x00007fff560b0000 - 0x00007fff56141000 	C:\Users\Legion\.p2\pool\plugins\org.eclipse.justj.openjdk.hotspot.jre.full.win32.x86_64_17.0.6.v20230204-1729\jre\bin\msvcp140.dll
0x00007fff4c2a0000 - 0x00007fff4cee7000 	C:\Users\Legion\.p2\pool\plugins\org.eclipse.justj.openjdk.hotspot.jre.full.win32.x86_64_17.0.6.v20230204-1729\jre\bin\server\jvm.dll
0x00007fff95170000 - 0x00007fff9521e000 	C:\Windows\System32\ADVAPI32.dll
0x00007fff96610000 - 0x00007fff966ac000 	C:\Windows\System32\sechost.dll
0x00007fff95010000 - 0x00007fff95136000 	C:\Windows\System32\RPCRT4.dll
0x00007fff8aa20000 - 0x00007fff8aa47000 	C:\Windows\SYSTEM32\WINMM.dll
0x00007fff738e0000 - 0x00007fff738e9000 	C:\Windows\SYSTEM32\WSOCK32.dll
0x00007fff8bf60000 - 0x00007fff8bf6a000 	C:\Windows\SYSTEM32\VERSION.dll
0x00007fff94dd0000 - 0x00007fff94e3b000 	C:\Windows\System32\WS2_32.dll
0x00007fff92650000 - 0x00007fff92662000 	C:\Windows\SYSTEM32\kernel.appcore.dll
0x00007fff8f6a0000 - 0x00007fff8f6aa000 	C:\Users\Legion\.p2\pool\plugins\org.eclipse.justj.openjdk.hotspot.jre.full.win32.x86_64_17.0.6.v20230204-1729\jre\bin\jimage.dll
0x00007fff91b40000 - 0x00007fff91d24000 	C:\Windows\SYSTEM32\DBGHELP.DLL
0x00007fff7c5b0000 - 0x00007fff7c5e4000 	C:\Windows\SYSTEM32\dbgcore.DLL
0x00007fff94130000 - 0x00007fff941b2000 	C:\Windows\System32\bcryptPrimitives.dll
0x00007fff7fa40000 - 0x00007fff7fa65000 	C:\Users\Legion\.p2\pool\plugins\org.eclipse.justj.openjdk.hotspot.jre.full.win32.x86_64_17.0.6.v20230204-1729\jre\bin\java.dll
0x00007fff8c2a0000 - 0x00007fff8c2b8000 	C:\Users\Legion\.p2\pool\plugins\org.eclipse.justj.openjdk.hotspot.jre.full.win32.x86_64_17.0.6.v20230204-1729\jre\bin\zip.dll
0x00007fff959c0000 - 0x00007fff96104000 	C:\Windows\System32\SHELL32.dll
0x00007fff91ea0000 - 0x00007fff92633000 	C:\Windows\SYSTEM32\windows.storage.dll
0x00007fff95440000 - 0x00007fff95794000 	C:\Windows\System32\combase.dll
0x00007fff93860000 - 0x00007fff9388e000 	C:\Windows\SYSTEM32\Wldp.dll
0x00007fff94f00000 - 0x00007fff94fad000 	C:\Windows\System32\SHCORE.dll
0x00007fff94fb0000 - 0x00007fff95005000 	C:\Windows\System32\shlwapi.dll
0x00007fff93d40000 - 0x00007fff93d5f000 	C:\Windows\SYSTEM32\profapi.dll
0x00007fff4f120000 - 0x00007fff4f2ae000 	C:\Users\Legion\.p2\pool\plugins\org.eclipse.justj.openjdk.hotspot.jre.full.win32.x86_64_17.0.6.v20230204-1729\jre\bin\awt.dll
0x00007fff95370000 - 0x00007fff9543d000 	C:\Windows\System32\OLEAUT32.dll
0x00007fff91150000 - 0x00007fff911e0000 	C:\Windows\SYSTEM32\apphelp.dll
0x00007fff91690000 - 0x00007fff916bf000 	C:\Windows\system32\DWMAPI.DLL
0x00007fff91240000 - 0x00007fff912de000 	C:\Windows\system32\uxtheme.dll
0x00007fff3f640000 - 0x00007fff3f765000 	C:\Windows\system32\opengl32.dll
0x00007fff3f5d0000 - 0x00007fff3f5fc000 	C:\Windows\SYSTEM32\GLU32.dll
0x00007fff94a00000 - 0x00007fff94b14000 	C:\Windows\System32\MSCTF.dll
0x00007fff948d0000 - 0x00007fff949fa000 	C:\Windows\System32\ole32.dll
0x00007fff857c0000 - 0x00007fff8598d000 	C:\Windows\system32\d3d9.dll
0x00007fff89460000 - 0x00007fff8963b000 	C:\Windows\System32\DriverStore\FileRepository\u0369673.inf_amd64_58833994acffc9ae\B369681\aticfx64.dll
0x00007fff55e40000 - 0x00007fff55e73000 	C:\Windows\System32\DriverStore\FileRepository\u0369673.inf_amd64_58833994acffc9ae\B369681\atiu9p64.dll
0x00007fff467d0000 - 0x00007fff474f1000 	C:\Windows\System32\DriverStore\FileRepository\u0369673.inf_amd64_58833994acffc9ae\B369681\atiumd64.dll
0x0000000077130000 - 0x0000000077ff3000 	C:\Windows\System32\DriverStore\FileRepository\u0369673.inf_amd64_58833994acffc9ae\B369681\atiumd6a.dll
0x00007fff933d0000 - 0x00007fff9341b000 	C:\Windows\SYSTEM32\POWRPROF.dll
0x00007fff93240000 - 0x00007fff93252000 	C:\Windows\SYSTEM32\UMPDC.dll
0x00007fff8a8d0000 - 0x00007fff8a900000 	C:\Windows\SYSTEM32\amdihk64.dll
0x00007fff89780000 - 0x00007fff897bb000 	C:\Windows\SYSTEM32\dxcore.dll
0x00007fff93e00000 - 0x00007fff93e4e000 	C:\Windows\System32\cfgmgr32.dll

dbghelp: loaded successfully - version: 4.0.5 - missing functions: none
symbol engine: initialized successfully - sym options: 0x614 - pdb path: .;C:\Users\Legion\.p2\pool\plugins\org.eclipse.justj.openjdk.hotspot.jre.full.win32.x86_64_17.0.6.v20230204-1729\jre\bin;C:\Windows\SYSTEM32;C:\Windows\WinSxS\amd64_microsoft.windows.common-controls_6595b64144ccf1df_6.0.19041.1110_none_60b5254171f9507e;C:\Users\Legion\.p2\pool\plugins\org.eclipse.justj.openjdk.hotspot.jre.full.win32.x86_64_17.0.6.v20230204-1729\jre\bin\server;C:\Windows\System32\DriverStore\FileRepository\u0369673.inf_amd64_58833994acffc9ae\B369681

VM Arguments:
jvm_args: -Dfile.encoding=UTF-8 -XX:+ShowCodeDetailsInExceptionMessages 
java_command: aims.Aims
java_class_path (initial): C:\Users\Legion\Downloads\b\1INTRO2AI\GithubDesktop\DangVietHoang_20215206\Lab02\AimsProject\bin
Launcher Type: SUN_STANDARD

[Global flags]
     intx CICompilerCount                          = 4                                         {product} {ergonomic}
     uint ConcGCThreads                            = 3                                         {product} {ergonomic}
     uint G1ConcRefinementThreads                  = 10                                        {product} {ergonomic}
   size_t G1HeapRegionSize                         = 1048576                                   {product} {ergonomic}
    uintx GCDrainStackTargetSize                   = 64                                        {product} {ergonomic}
   size_t InitialHeapSize                          = 98566144                                  {product} {ergonomic}
   size_t MarkStackSize                            = 4194304                                   {product} {ergonomic}
   size_t MaxHeapSize                              = 1572864000                                {product} {ergonomic}
   size_t MaxNewSize                               = 943718400                                 {product} {ergonomic}
   size_t MinHeapDeltaBytes                        = 1048576                                   {product} {ergonomic}
   size_t MinHeapSize                              = 8388608                                   {product} {ergonomic}
    uintx NonNMethodCodeHeapSize                   = 5839372                                {pd product} {ergonomic}
    uintx NonProfiledCodeHeapSize                  = 122909434                              {pd product} {ergonomic}
    uintx ProfiledCodeHeapSize                     = 122909434                              {pd product} {ergonomic}
    uintx ReservedCodeCacheSize                    = 251658240                              {pd product} {ergonomic}
     bool SegmentedCodeCache                       = true                                      {product} {ergonomic}
     bool ShowCodeDetailsInExceptionMessages       = true                                   {manageable} {command line}
   size_t SoftMaxHeapSize                          = 1572864000                             {manageable} {ergonomic}
     bool UseCompressedClassPointers               = true                           {product lp64_product} {ergonomic}
     bool UseCompressedOops                        = true                           {product lp64_product} {ergonomic}
     bool UseG1GC                                  = true                                      {product} {ergonomic}
     bool UseLargePagesIndividualAllocation        = false                                  {pd product} {ergonomic}

Logging:
Log output configuration:
 #0: stdout all=warning uptime,level,tags
 #1: stderr all=off uptime,level,tags

Environment Variables:
PATH=C:/Users/Legion/.p2/pool/plugins/org.eclipse.justj.openjdk.hotspot.jre.full.win32.x86_64_17.0.6.v20230204-1729/jre/bin/server;C:/Users/Legion/.p2/pool/plugins/org.eclipse.justj.openjdk.hotspot.jre.full.win32.x86_64_17.0.6.v20230204-1729/jre/bin;;C:\Windows\system32;C:\Windows;C:\Windows\System32\Wbem;C:\Windows\System32\WindowsPowerShell\v1.0\;C:\Windows\System32\OpenSSH\;C:\Program Files (x86)\NVIDIA Corporation\PhysX\Common;C:\Program Files\NVIDIA Corporation\NVIDIA NvDLISR;C:\Program Files\dotnet\;C:\Program Files\Cloudflare\Cloudflare WARP\;C:\Users\Legion\Downloads\PHP8;D:\PostgreSQL\bin;C:\Users\Legion\Downloads\nvm;C:\Program Files\nodejs;C:\Program Files\Microsoft SQL Server\150\Tools\Binn\;C:\Program Files\Microsoft SQL Server\Client SDK\ODBC\170\Tools\Binn\;D:\MATLAB_Rb\bin;C:\Users\Legion\.cargo\bin;C:\Users\Legion\AppData\Local\Microsoft\WindowsApps;C:\Users\Legion\AppData\Local\Programs\Microsoft VS Code\bin;D:\TDM-GCC-32\bin;D:\Inkscape\bin;D:\PostgreSQL\bin;C:\Users\Legion\AppData\Local\GitHubDesktop\bin;C:\Users\Legion\Downloads\nvm;C:\Program Files\nodejs;C:\Users\Legion\.dotnet\tools;C:\Users\Legion\Downloads\java\eclipse;
USERNAME=Legion
OS=Windows_NT
PROCESSOR_IDENTIFIER=AMD64 Family 25 Model 80 Stepping 0, AuthenticAMD
TMP=C:\Users\Legion\AppData\Local\Temp
TEMP=C:\Users\Legion\AppData\Local\Temp



---------------  S Y S T E M  ---------------

OS:
 Windows 10 , 64 bit Build 19041 (10.0.19041.2788)
OS uptime: 3 days 3:24 hours

CPU: total 12 (initial active 12) (12 cores per cpu, 2 threads per core) family 25 model 80 stepping 0 microcode 0x0, cx8, cmov, fxsr, ht, mmx, 3dnowpref, sse, sse2, sse3, ssse3, sse4a, sse4.1, sse4.2, popcnt, lzcnt, tsc, tscinvbit, avx, avx2, aes, erms, clmul, bmi1, bmi2, adx, sha, fma, vzeroupper, clflush, clflushopt

Memory: 4k page, system-wide physical 5996M (398M free)
TotalPageFile size 24428M (AvailPageFile size 1M)
current process WorkingSet (physical memory assigned to process): 59M, peak: 59M
current process commit charge ("private bytes"): 197M, peak: 197M

vm_info: OpenJDK 64-Bit Server VM (17.0.6+10) for windows-amd64 JRE (17.0.6+10), built on Jan 18 2023 10:08:59 by "temurin" with MS VC++ 16.7 (VS2019)

END.
